d:\repo\iron\debug\iron.dir\debug\cmake_pch.pch
d:\repo\iron\debug\iron.dir\debug\vc143.pdb
d:\repo\iron\debug\iron.dir\debug\cmake_pch.obj
d:\repo\iron\debug\iron.dir\debug\texture2d.obj
d:\repo\iron\debug\iron.dir\debug\shader.obj
d:\repo\iron\debug\iron.dir\debug\renderer.obj
d:\repo\iron\debug\iron.dir\debug\rendercommand.obj
d:\repo\iron\debug\iron.dir\debug\indexbuffer.obj
d:\repo\iron\debug\iron.dir\debug\gameobject.obj
d:\repo\iron\debug\iron.dir\debug\transform.obj
d:\repo\iron\debug\iron.dir\debug\mesh.obj
d:\repo\iron\debug\iron.dir\debug\material.obj
d:\repo\iron\debug\iron.dir\debug\camera.obj
d:\repo\iron\debug\iron.dir\debug\windowswindow.obj
d:\repo\iron\debug\iron.dir\debug\imgui_opengl3.obj
d:\repo\iron\debug\iron.dir\debug\imgui_glfw.obj
d:\repo\iron\debug\iron.dir\debug\log.obj
d:\repo\iron\debug\iron.dir\debug\layerstack.obj
d:\repo\iron\debug\iron.dir\debug\layer.obj
d:\repo\iron\debug\iron.dir\debug\internal.obj
d:\repo\iron\debug\iron.dir\debug\input.obj
d:\repo\iron\debug\iron.dir\debug\imguilayer.obj
d:\repo\iron\debug\iron.dir\debug\application.obj
d:\repo\iron\debug\iron.dir\debug\glad.obj
d:\repo\iron\debug\iron.dir\debug\imgui_widgets.obj
d:\repo\iron\debug\iron.dir\debug\imgui_draw.obj
d:\repo\iron\debug\iron.dir\debug\imgui_demo.obj
d:\repo\iron\debug\iron.dir\debug\imgui.obj
d:\repo\iron\debug\iron.dir\debug\viewport.obj
d:\repo\iron\debug\iron.dir\debug\time.obj
d:\repo\iron\debug\iron.dir\debug\vertexbuffer.obj
d:\repo\iron\debug\iron.dir\debug\vertexarray.obj
d:\repo\iron\debug\cmakefiles\generate.stamp
d:\repo\iron\debug\lib\debug\iron.lib
d:\repo\iron\debug\lib\debug\iron.exp
d:\repo\iron\debug\iron.dir\debug\iron.ilk
d:\repo\iron\bin\debug\debug\iron.dll
d:\repo\iron\bin\debug\debug\iron.pdb
d:\repo\iron\debug\iron.dir\debug\iron.tlog\cl.command.1.tlog
d:\repo\iron\debug\iron.dir\debug\iron.tlog\cl.read.1.tlog
d:\repo\iron\debug\iron.dir\debug\iron.tlog\cl.write.1.tlog
d:\repo\iron\debug\iron.dir\debug\iron.tlog\custombuild.command.1.tlog
d:\repo\iron\debug\iron.dir\debug\iron.tlog\custombuild.read.1.tlog
d:\repo\iron\debug\iron.dir\debug\iron.tlog\custombuild.write.1.tlog
d:\repo\iron\debug\iron.dir\debug\iron.tlog\iron.write.1u.tlog
d:\repo\iron\debug\iron.dir\debug\iron.tlog\link.command.1.tlog
d:\repo\iron\debug\iron.dir\debug\iron.tlog\link.delete.1.tlog
d:\repo\iron\debug\iron.dir\debug\iron.tlog\link.read.1.tlog
d:\repo\iron\debug\iron.dir\debug\iron.tlog\link.write.1.tlog
